0 info it worked if it ends with ok
1 verbose cli [ '/usr/local/bin/node', '/usr/local/bin/npm', 'run', 'dev' ]
2 info using npm@3.3.12
3 info using node@v5.4.1
4 verbose run-script [ 'predev', 'dev', 'postdev' ]
5 info lifecycle instantsearch.js@1.1.3~predev: instantsearch.js@1.1.3
6 silly lifecycle instantsearch.js@1.1.3~predev: no script for predev, continuing
7 info lifecycle instantsearch.js@1.1.3~dev: instantsearch.js@1.1.3
8 verbose lifecycle instantsearch.js@1.1.3~dev: unsafe-perm in lifecycle true
9 verbose lifecycle instantsearch.js@1.1.3~dev: PATH: /usr/local/lib/node_modules/npm/bin/node-gyp-bin:/Users/Kaona/GitHub/pagesjaunesht/node_modules/.bin:/Users/Kaona/exec -l /bin/bash/google-cloud-sdk/bin:/opt/local/bin:/opt/local/sbin:/Library/Frameworks/Python.framework/Versions/2.7/bin:/Library/Frameworks/Python.framework/Versions/2.7/bin:/usr/local/bin:/usr/bin:/bin:/usr/sbin:/sbin:/usr/local/git/bin:/opt/ImageMagick/bin:/Applications/Sublime Text 2.app/Contents/SharedSupport/bin
10 verbose lifecycle instantsearch.js@1.1.3~dev: CWD: /Users/Kaona/GitHub/pagesjaunesht
11 silly lifecycle instantsearch.js@1.1.3~dev: Args: [ '-c', './scripts/dev.sh' ]
12 silly lifecycle instantsearch.js@1.1.3~dev: Returned: code: 1  signal: null
13 info lifecycle instantsearch.js@1.1.3~dev: Failed to exec dev script
14 verbose stack Error: instantsearch.js@1.1.3 dev: `./scripts/dev.sh`
14 verbose stack Exit status 1
14 verbose stack     at EventEmitter.<anonymous> (/usr/local/lib/node_modules/npm/lib/utils/lifecycle.js:232:16)
14 verbose stack     at emitTwo (events.js:87:13)
14 verbose stack     at EventEmitter.emit (events.js:172:7)
14 verbose stack     at ChildProcess.<anonymous> (/usr/local/lib/node_modules/npm/lib/utils/spawn.js:24:14)
14 verbose stack     at emitTwo (events.js:87:13)
14 verbose stack     at ChildProcess.emit (events.js:172:7)
14 verbose stack     at maybeClose (internal/child_process.js:821:16)
14 verbose stack     at Process.ChildProcess._handle.onexit (internal/child_process.js:211:5)
15 verbose pkgid instantsearch.js@1.1.3
16 verbose cwd /Users/Kaona/GitHub/pagesjaunesht
17 error Darwin 15.0.0
18 error argv "/usr/local/bin/node" "/usr/local/bin/npm" "run" "dev"
19 error node v5.4.1
20 error npm  v3.3.12
21 error code ELIFECYCLE
22 error instantsearch.js@1.1.3 dev: `./scripts/dev.sh`
22 error Exit status 1
23 error Failed at the instantsearch.js@1.1.3 dev script './scripts/dev.sh'.
23 error Make sure you have the latest version of node.js and npm installed.
23 error If you do, this is most likely a problem with the instantsearch.js package,
23 error not with npm itself.
23 error Tell the author that this fails on your system:
23 error     ./scripts/dev.sh
23 error You can get their info via:
23 error     npm owner ls instantsearch.js
23 error There is likely additional logging output above.
24 verbose exit [ 1, true ]
